<?xml version="1.0" encoding="UTF-8"?>
<!-- Generated by org.testng.reporters.JUnitReportReporter -->
<testsuite hostname="CC-LT001062" failures="0" tests="4" name="testCases.RegistrationTest" time="22.937" errors="0" timestamp="2024-01-19T17:04:25 IST" skipped="0">
  <testcase classname="testCases.RegistrationTest" name="RegistrationWithValidCredential" time="5.196"/>
  <testcase classname="testCases.RegistrationTest" name="RegistrationWithValidCredential" time="5.029"/>
  <testcase classname="testCases.RegistrationTest" name="RegistrationWithValidCredential" time="5.057"/>
  <testcase classname="testCases.RegistrationTest" name="RegistrationWithValidCredential" time="7.655"/>
</testsuite> <!-- testCases.RegistrationTest -->
