<?xml version="1.0" encoding="UTF-8"?>
<!-- Generated by org.testng.reporters.JUnitReportReporter -->
<testsuite hostname="DESKTOP-LENSQH7" failures="0" tests="1" name="testCases.LoginTest" time="11.605" errors="0" timestamp="2024-01-19T08:50:57 PST" skipped="0">
  <testcase classname="testCases.LoginTest" name="loginTest" time="11.605"/>
</testsuite> <!-- testCases.LoginTest -->
