<?xml version="1.0" encoding="UTF-8"?>
<!-- Generated by org.testng.reporters.JUnitReportReporter -->
<testsuite hostname="CC-LT001062" failures="0" tests="1" name="testCases.RegistrationTest" time="10.961" errors="0" timestamp="2024-01-23T11:27:43 IST" skipped="0">
  <testcase classname="testCases.RegistrationTest" name="Registration_NewUsers" time="10.961"/>
</testsuite> <!-- testCases.RegistrationTest -->
